<?xml version="1.0" encoding="UTF-8"?>
<testng-results skipped="0" failed="0" total="1" passed="1">
  <reporter-output>
  </reporter-output>
  <suite name="Default suite" duration-ms="9488" started-at="2020-02-16T07:05:59Z" finished-at="2020-02-16T07:06:09Z">
    <groups>
    </groups>
    <test name="Default test" duration-ms="9488" started-at="2020-02-16T07:05:59Z" finished-at="2020-02-16T07:06:09Z">
      <class name="cn.Log4j.TestLog4j">
        <test-method status="PASS" signature="beforeClass()[pri:0, instance:cn.Log4j.TestLog4j@1794d431]" name="beforeClass" is-config="true" duration-ms="213" started-at="2020-02-16T15:05:59Z" finished-at="2020-02-16T15:05:59Z">
          <reporter-output>
          </reporter-output>
        </test-method> <!-- beforeClass -->
        <test-method status="PASS" signature="before()[pri:0, instance:cn.Log4j.TestLog4j@1794d431]" name="before" is-config="true" duration-ms="5781" started-at="2020-02-16T15:05:59Z" finished-at="2020-02-16T15:06:05Z">
          <reporter-output>
          </reporter-output>
        </test-method> <!-- before -->
        <test-method status="PASS" signature="test()[pri:0, instance:cn.Log4j.TestLog4j@1794d431]" name="test" duration-ms="2556" started-at="2020-02-16T15:06:05Z" finished-at="2020-02-16T15:06:08Z">
          <reporter-output>
          </reporter-output>
        </test-method> <!-- test -->
        <test-method status="PASS" signature="after()[pri:0, instance:cn.Log4j.TestLog4j@1794d431]" name="after" is-config="true" duration-ms="924" started-at="2020-02-16T15:06:08Z" finished-at="2020-02-16T15:06:09Z">
          <reporter-output>
          </reporter-output>
        </test-method> <!-- after -->
      </class> <!-- cn.Log4j.TestLog4j -->
    </test> <!-- Default test -->
  </suite> <!-- Default suite -->
</testng-results>
